c:\projects\engineering for games\gameenglab3\project1\debug\vc142.pdb
c:\projects\engineering for games\gameenglab3\project1\debug\vc142.idb
c:\projects\engineering for games\gameenglab3\project1\debug\walking.obj
c:\projects\engineering for games\gameenglab3\project1\debug\swording.obj
c:\projects\engineering for games\gameenglab3\project1\debug\shovelling.obj
c:\projects\engineering for games\gameenglab3\project1\debug\main.obj
c:\projects\engineering for games\gameenglab3\project1\debug\jumping.obj
c:\projects\engineering for games\gameenglab3\project1\debug\idle.obj
c:\projects\engineering for games\gameenglab3\project1\debug\hammering.obj
c:\projects\engineering for games\gameenglab3\project1\debug\game.obj
c:\projects\engineering for games\gameenglab3\project1\debug\animation.obj
c:\projects\engineering for games\gameenglab3\project1\debug\climbing.obj
c:\projects\engineering for games\gameenglab3\project1\debug\falling.obj
c:\projects\engineering for games\gameenglab3\debug\sdl-fsm.exe
c:\projects\engineering for games\gameenglab3\debug\sdl-fsm.ilk
c:\projects\engineering for games\gameenglab3\debug\sdl-fsm.pdb
c:\projects\engineering for games\gameenglab3\project1\debug\sdl-fsm.tlog\cl.command.1.tlog
c:\projects\engineering for games\gameenglab3\project1\debug\sdl-fsm.tlog\cl.read.1.tlog
c:\projects\engineering for games\gameenglab3\project1\debug\sdl-fsm.tlog\cl.write.1.tlog
c:\projects\engineering for games\gameenglab3\project1\debug\sdl-fsm.tlog\link.command.1.tlog
c:\projects\engineering for games\gameenglab3\project1\debug\sdl-fsm.tlog\link.read.1.tlog
c:\projects\engineering for games\gameenglab3\project1\debug\sdl-fsm.tlog\link.write.1.tlog
